# configure exec: ./configure --prefix=/Users/varvar/projects/kafka-playground/rdproducer/node_modules/node-rdkafka/build/deps --libdir=/Users/varvar/projects/kafka-playground/rdproducer/node_modules/node-rdkafka/build/deps --prefix=/Users/varvar/projects/kafka-playground/rdproducer/node_modules/node-rdkafka/build/deps --libdir=/Users/varvar/projects/kafka-playground/rdproducer/node_modules/node-rdkafka/build/deps
# On Tue Apr 19 16:47:35 IDT 2022
DBG 6951: Setting distro (distro) status to ok (action ignore)
DBG 6951: ccenv: WITH_CC:  --version failed: mklove/modules/configure.base: line 1761: --version: command not found
DBG 6951: Setting ccenv (ccenv) status to failed (action cont)
DBG 6951: Check ccenv (WITH_CC, action cont (originally cont)) failed: command ' --version' failed:
mklove/modules/configure.base: line 1761: --version: command not found
DBG 6951: Setting gcc (gcc) status to ok (action cont)
DBG 6951: cxxenv: WITH_CXX:  --version failed: mklove/modules/configure.base: line 1761: --version: command not found
DBG 6951: Setting cxxenv (cxxenv) status to failed (action cont)
DBG 6951: Check cxxenv (WITH_CXX, action cont (originally cont)) failed: command ' --version' failed:
mklove/modules/configure.base: line 1761: --version: command not found
DBG 6951: Setting gxx (gxx) status to ok (action cont)
DBG 6951: Setting ld (ld) status to ok (action disable)
DBG 6951: Setting nm (nm) status to ok (action disable)
DBG 6951: Setting objdump (objdump) status to ok (action disable)
DBG 6951: Setting strip (strip) status to ok (action disable)
DBG 6951: Setting libtool (libtool) status to ok (action disable)
DBG 6951: Setting ranlib (ranlib) status to ok (action disable)
DBG 6951: Compile check cc_g_dwarf () (sub=0): gcc   -Wall -Werror _mkltmpIfoHey.c -o _mkltmpIfoHey.c.o  -L/Users/varvar/projects/kafka-playground/rdproducer/node_modules/node-rdkafka/build/deps -gstrict-dwarf
DBG 6951: Setting cc_g_dwarf (cc_g_dwarf) status to ok (action cont)
DBG 6951: pkgconfig: WITH_PKGCONFIG: pkg-config --version failed: mklove/modules/configure.base: line 1761: pkg-config: command not found
DBG 6951: Setting pkgconfig (pkgconfig) status to failed (action cont)
DBG 6951: Check pkgconfig (WITH_PKGCONFIG, action cont (originally cont)) failed: command 'pkg-config --version' failed:
mklove/modules/configure.base: line 1761: pkg-config: command not found
DBG 6951: install: WITH_INSTALL: install --version failed: install: illegal option -- -
usage: install [-bCcpSsv] [-B suffix] [-f flags] [-g group] [-m mode]
               [-o owner] file1 file2
       install [-bCcpSsv] [-B suffix] [-f flags] [-g group] [-m mode]
               [-o owner] file1 ... fileN directory
       install -d [-v] [-g group] [-m mode] [-o owner] directory ...
DBG 6951: Setting install (install) status to failed (action cont)
DBG 6951: Check install (WITH_INSTALL, action cont (originally cont)) failed: command 'install --version' failed:
install: illegal option -- -
usage: install [-bCcpSsv] [-B suffix] [-f flags] [-g group] [-m mode]
               [-o owner] file1 file2
       install [-bCcpSsv] [-B suffix] [-f flags] [-g group] [-m mode]
               [-o owner] file1 ... fileN directory
       install -d [-v] [-g group] [-m mode] [-o owner] directory ...
DBG 6951: Compile check PIC (HAVE_PIC) (sub=0): gcc  -gstrict-dwarf -O2 -Wall -Werror _mkltmp6GBWpu.c -o _mkltmp6GBWpu.c.o  -L/Users/varvar/projects/kafka-playground/rdproducer/node_modules/node-rdkafka/build/deps -fPIC
DBG 6951: Setting PIC (PIC) status to ok (action disable)
DBG 6951: Compile check gnulib (WITH_GNULD) (sub=0): gcc  -gstrict-dwarf -O2 -fPIC -Wall -Werror _mkltmpSptAsj.c -o _mkltmpSptAsj.c.o  -L/Users/varvar/projects/kafka-playground/rdproducer/node_modules/node-rdkafka/build/deps -shared -Wl,-soname,mkltest.0
DBG 6951: compile check for gnulib (WITH_GNULD) failed: gcc  -gstrict-dwarf -O2 -fPIC -Wall -Werror _mkltmpSptAsj.c -o _mkltmpSptAsj.c.o  -L/Users/varvar/projects/kafka-playground/rdproducer/node_modules/node-rdkafka/build/deps -shared -Wl,-soname,mkltest.0: ld: unknown option: -soname
clang: error: linker command failed with exit code 1 (use -v to see invocation)
DBG 6951: Setting gnulib (gnulib) status to failed (action cont)
DBG 6951: Check gnulib (WITH_GNULD, action cont (originally cont)) failed: compile check failed:
CC: CC
flags: -shared -Wl,-soname,mkltest.0
gcc  -gstrict-dwarf -O2 -fPIC -Wall -Werror _mkltmpSptAsj.c -o _mkltmpSptAsj.c.o  -L/Users/varvar/projects/kafka-playground/rdproducer/node_modules/node-rdkafka/build/deps -shared -Wl,-soname,mkltest.0:
ld: unknown option: -soname
clang: error: linker command failed with exit code 1 (use -v to see invocation)
source: 
DBG 6951: Compile check osxlib (WITH_OSXLD) (sub=0): gcc  -gstrict-dwarf -O2 -fPIC -Wall -Werror _mkltmpkVyLZ3.c -o _mkltmpkVyLZ3.c.o  -L/Users/varvar/projects/kafka-playground/rdproducer/node_modules/node-rdkafka/build/deps -dynamiclib -Wl,-install_name,/tmp/mkltest.so.0
DBG 6951: Setting osxlib (osxlib) status to ok (action cont)
DBG 6951: Compile check ldsflagvs () (sub=0): gcc  -gstrict-dwarf -O2 -fPIC -Wall -Werror _mkltmpyrU1MA.c -o _mkltmpyrU1MA.c.o  -L/Users/varvar/projects/kafka-playground/rdproducer/node_modules/node-rdkafka/build/deps -shared -Wl,--version-script=_mkltmpc1sEnI
DBG 6951: compile check for ldsflagvs () failed: gcc  -gstrict-dwarf -O2 -fPIC -Wall -Werror _mkltmpyrU1MA.c -o _mkltmpyrU1MA.c.o  -L/Users/varvar/projects/kafka-playground/rdproducer/node_modules/node-rdkafka/build/deps -shared -Wl,--version-script=_mkltmpc1sEnI: ld: unknown option: --version-script=_mkltmpc1sEnI
clang: error: linker command failed with exit code 1 (use -v to see invocation)
DBG 6951: Setting ldsflagvs (ldsflagvs) status to failed (action cont)
DBG 6951: Check ldsflagvs (, action cont (originally cont)) failed: compile check failed:
CC: CC
flags: -shared -Wl,--version-script=_mkltmpc1sEnI
gcc  -gstrict-dwarf -O2 -fPIC -Wall -Werror _mkltmpyrU1MA.c -o _mkltmpyrU1MA.c.o  -L/Users/varvar/projects/kafka-playground/rdproducer/node_modules/node-rdkafka/build/deps -shared -Wl,--version-script=_mkltmpc1sEnI:
ld: unknown option: --version-script=_mkltmpc1sEnI
clang: error: linker command failed with exit code 1 (use -v to see invocation)
source: 
DBG 6951: Compile check ldsflagm () (sub=0): gcc  -gstrict-dwarf -O2 -fPIC -Wall -Werror _mkltmp3w4w6a.c -o _mkltmp3w4w6a.c.o  -L/Users/varvar/projects/kafka-playground/rdproducer/node_modules/node-rdkafka/build/deps -shared -Wl,-M_mkltmpc1sEnI
DBG 6951: compile check for ldsflagm () failed: gcc  -gstrict-dwarf -O2 -fPIC -Wall -Werror _mkltmp3w4w6a.c -o _mkltmp3w4w6a.c.o  -L/Users/varvar/projects/kafka-playground/rdproducer/node_modules/node-rdkafka/build/deps -shared -Wl,-M_mkltmpc1sEnI: ld: unknown option: -M_mkltmpc1sEnI
clang: error: linker command failed with exit code 1 (use -v to see invocation)
DBG 6951: Setting ldsflagm (ldsflagm) status to failed (action ignore)
DBG 6951: Check ldsflagm (, action ignore (originally ignore)) failed: compile check failed:
CC: CC
flags: -shared -Wl,-M_mkltmpc1sEnI
gcc  -gstrict-dwarf -O2 -fPIC -Wall -Werror _mkltmp3w4w6a.c -o _mkltmp3w4w6a.c.o  -L/Users/varvar/projects/kafka-playground/rdproducer/node_modules/node-rdkafka/build/deps -shared -Wl,-M_mkltmpc1sEnI:
ld: unknown option: -M_mkltmpc1sEnI
clang: error: linker command failed with exit code 1 (use -v to see invocation)
source: 
DBG 6951: Compile check __atomic_32 (HAVE_ATOMICS_32) (sub=0): gcc  -gstrict-dwarf -O2 -fPIC -Wall -Werror _mkltmpS7AJ2l.c -o _mkltmpS7AJ2l.c.o  -L/Users/varvar/projects/kafka-playground/rdproducer/node_modules/node-rdkafka/build/deps 
DBG 6951: Setting __atomic_32 (__atomic_32) status to ok (action cont)
DBG 6951: Compile check __atomic_64 (HAVE_ATOMICS_64) (sub=0): gcc  -gstrict-dwarf -O2 -fPIC -Wall -Werror _mkltmpPTmJeI.c -o _mkltmpPTmJeI.c.o  -L/Users/varvar/projects/kafka-playground/rdproducer/node_modules/node-rdkafka/build/deps 
DBG 6951: Setting __atomic_64 (__atomic_64) status to ok (action cont)
DBG 6951: Compile check socket () (sub=0): gcc  -gstrict-dwarf -O2 -fPIC -Wall -Wsign-compare -Wfloat-equal -Wpointer-arith -Wcast-align -Wall -Werror _mkltmp1u4LuT.c -o _mkltmp1u4LuT.c.o  -L/Users/varvar/projects/kafka-playground/rdproducer/node_modules/node-rdkafka/build/deps 
DBG 6951: Setting socket (socket) status to ok (action cont)
DBG 6951: Setting parseversion (parseversion) status to ok (action cont)
DBG 6951: librt: Check for static library (libs -lrt, arfile variable STATIC_LIB_librt=, static filenames )
DBG 6951: Compile check librt () (sub=0): gcc  -gstrict-dwarf -O2 -fPIC -Wall -Wsign-compare -Wfloat-equal -Wpointer-arith -Wcast-align -Wall -Werror _mkltmpBx78Kx.c -o _mkltmpBx78Kx.c.o  -L/Users/varvar/projects/kafka-playground/rdproducer/node_modules/node-rdkafka/build/deps -lrt
DBG 6951: compile check for librt () failed: gcc  -gstrict-dwarf -O2 -fPIC -Wall -Wsign-compare -Wfloat-equal -Wpointer-arith -Wcast-align -Wall -Werror _mkltmpBx78Kx.c -o _mkltmpBx78Kx.c.o  -L/Users/varvar/projects/kafka-playground/rdproducer/node_modules/node-rdkafka/build/deps -lrt: ld: library not found for -lrt
clang: error: linker command failed with exit code 1 (use -v to see invocation)
DBG 6951: Setting librt (librt) status to failed (action cont)
DBG 6951: Check librt (, action cont (originally cont)) failed: compile check failed:
CC: CC
flags: -lrt
gcc  -gstrict-dwarf -O2 -fPIC -Wall -Wsign-compare -Wfloat-equal -Wpointer-arith -Wcast-align -Wall -Werror _mkltmpBx78Kx.c -o _mkltmpBx78Kx.c.o  -L/Users/varvar/projects/kafka-playground/rdproducer/node_modules/node-rdkafka/build/deps -lrt:
ld: library not found for -lrt
clang: error: linker command failed with exit code 1 (use -v to see invocation)
source: 
DBG 6951: libpthread: Check for static library (libs -lpthread, arfile variable STATIC_LIB_libpthread=, static filenames )
DBG 6951: Compile check libpthread () (sub=0): gcc  -gstrict-dwarf -O2 -fPIC -Wall -Wsign-compare -Wfloat-equal -Wpointer-arith -Wcast-align -Wall -Werror _mkltmp2swSha.c -o _mkltmp2swSha.c.o  -L/Users/varvar/projects/kafka-playground/rdproducer/node_modules/node-rdkafka/build/deps -lpthread
DBG 6951: Setting libpthread (libpthread) status to ok (action fail)
DBG 6951: libpthread: from lib_check: LIBS: prepend -lpthread
DBG 6951: c11threads: Check for static library (libs -lpthread, arfile variable STATIC_LIB_c11threads=, static filenames )
DBG 6951: Compile check c11threads (WITH_C11THREADS) (sub=0): gcc  -gstrict-dwarf -O2 -fPIC -Wall -Wsign-compare -Wfloat-equal -Wpointer-arith -Wcast-align -Wall -Werror _mkltmpJrLbI5.c -o _mkltmpJrLbI5.c.o  -L/Users/varvar/projects/kafka-playground/rdproducer/node_modules/node-rdkafka/build/deps -lpthread
DBG 6951: compile check for c11threads (WITH_C11THREADS) failed: gcc  -gstrict-dwarf -O2 -fPIC -Wall -Wsign-compare -Wfloat-equal -Wpointer-arith -Wcast-align -Wall -Werror _mkltmpJrLbI5.c -o _mkltmpJrLbI5.c.o  -L/Users/varvar/projects/kafka-playground/rdproducer/node_modules/node-rdkafka/build/deps -lpthread: _mkltmpJrLbI5.c:2:10: fatal error: 'threads.h' file not found
#include <threads.h>
         ^~~~~~~~~~~
1 error generated.
DBG 6951: Setting c11threads (c11threads) status to failed (action disable)
DBG 6951: Check c11threads (WITH_C11THREADS, action disable (originally disable)) failed: compile check failed:
CC: CC
flags: -lpthread
gcc  -gstrict-dwarf -O2 -fPIC -Wall -Wsign-compare -Wfloat-equal -Wpointer-arith -Wcast-align -Wall -Werror _mkltmpJrLbI5.c -o _mkltmpJrLbI5.c.o  -L/Users/varvar/projects/kafka-playground/rdproducer/node_modules/node-rdkafka/build/deps -lpthread:
_mkltmpJrLbI5.c:2:10: fatal error: 'threads.h' file not found
#include <threads.h>
         ^~~~~~~~~~~
1 error generated.
source: 
#include <threads.h>


static int start_func (void *arg) {
   int iarg = *(int *)arg;
   return iarg;
}

void foo (void) {
    thrd_t thr;
    int arg = 1;
    if (thrd_create(&thr, start_func, (void *)&arg) != thrd_success) {
      ;
    }
}

DBG 6951: libdl: Check for static library (libs -ldl, arfile variable STATIC_LIB_libdl=, static filenames )
DBG 6951: Compile check libdl (WITH_LIBDL) (sub=0): gcc  -gstrict-dwarf -O2 -fPIC -Wall -Wsign-compare -Wfloat-equal -Wpointer-arith -Wcast-align -Wall -Werror _mkltmpms8q6K.c -o _mkltmpms8q6K.c.o  -L/Users/varvar/projects/kafka-playground/rdproducer/node_modules/node-rdkafka/build/deps -ldl
DBG 6951: Setting libdl (libdl) status to ok (action disable)
DBG 6951: libdl: from lib_check: LIBS: prepend -ldl
DBG 6951: zlib: Check for static library (libs -lz, arfile variable STATIC_LIB_zlib=, static filenames libz.a)
DBG 6951: Compile check zlib (WITH_ZLIB) (sub=0): gcc  -gstrict-dwarf -O2 -fPIC -Wall -Wsign-compare -Wfloat-equal -Wpointer-arith -Wcast-align -Wall -Werror _mkltmpJFL8iz.c -o _mkltmpJFL8iz.c.o  -L/Users/varvar/projects/kafka-playground/rdproducer/node_modules/node-rdkafka/build/deps -lz
DBG 6951: Setting zlib (zlib) status to ok (action disable)
DBG 6951: zlib: from lib_check: LIBS: prepend -lz
DBG 6951: libcrypto: Check for static library (libs -lcrypto, arfile variable STATIC_LIB_libcrypto=, static filenames libcrypto.a)
DBG 6951: Compile check libcrypto () (sub=0): gcc  -gstrict-dwarf -O2 -fPIC -Wall -Wsign-compare -Wfloat-equal -Wpointer-arith -Wcast-align -Wall -Werror _mkltmplnhGDV.c -o _mkltmplnhGDV.c.o  -L/Users/varvar/projects/kafka-playground/rdproducer/node_modules/node-rdkafka/build/deps -lcrypto
DBG 6951: compile check for libcrypto () failed: gcc  -gstrict-dwarf -O2 -fPIC -Wall -Wsign-compare -Wfloat-equal -Wpointer-arith -Wcast-align -Wall -Werror _mkltmplnhGDV.c -o _mkltmplnhGDV.c.o  -L/Users/varvar/projects/kafka-playground/rdproducer/node_modules/node-rdkafka/build/deps -lcrypto: _mkltmplnhGDV.c:2:10: fatal error: 'openssl/ssl.h' file not found
#include <openssl/ssl.h>
         ^~~~~~~~~~~~~~~
1 error generated.
DBG 6951: Setting libcrypto (libcrypto) status to failed (action disable)
DBG 6951: Check libcrypto (, action disable (originally disable)) failed: compile check failed:
CC: CC
flags: -lcrypto
gcc  -gstrict-dwarf -O2 -fPIC -Wall -Wsign-compare -Wfloat-equal -Wpointer-arith -Wcast-align -Wall -Werror _mkltmplnhGDV.c -o _mkltmplnhGDV.c.o  -L/Users/varvar/projects/kafka-playground/rdproducer/node_modules/node-rdkafka/build/deps -lcrypto:
_mkltmplnhGDV.c:2:10: fatal error: 'openssl/ssl.h' file not found
#include <openssl/ssl.h>
         ^~~~~~~~~~~~~~~
1 error generated.
source: 
#include <openssl/ssl.h>
#include <openssl/evp.h>
#if OPENSSL_VERSION_NUMBER < 0x1000100fL
#error "Requires OpenSSL version >= v1.0.1"
#endif
DBG 6951: libsasl2: Check for static library (libs -lsasl2, arfile variable STATIC_LIB_libsasl2=, static filenames )
DBG 6951: Compile check libsasl2 (WITH_SASL_CYRUS) (sub=0): gcc  -gstrict-dwarf -O2 -fPIC -Wall -Wsign-compare -Wfloat-equal -Wpointer-arith -Wcast-align -Wall -Werror _mkltmpdfvSnM.c -o _mkltmpdfvSnM.c.o  -L/Users/varvar/projects/kafka-playground/rdproducer/node_modules/node-rdkafka/build/deps -lsasl2
DBG 6951: Setting libsasl2 (libsasl2) status to ok (action disable)
DBG 6951: libsasl2: from lib_check: LIBS: prepend -lsasl2
DBG 6951: libzstd: Check for static library (libs -lzstd, arfile variable STATIC_LIB_libzstd=, static filenames libzstd.a)
DBG 6951: Compile check libzstd (WITH_ZSTD) (sub=0): gcc  -gstrict-dwarf -O2 -fPIC -Wall -Wsign-compare -Wfloat-equal -Wpointer-arith -Wcast-align -Wall -Werror _mkltmpr8tQD3.c -o _mkltmpr8tQD3.c.o  -L/Users/varvar/projects/kafka-playground/rdproducer/node_modules/node-rdkafka/build/deps -lzstd
DBG 6951: compile check for libzstd (WITH_ZSTD) failed: gcc  -gstrict-dwarf -O2 -fPIC -Wall -Wsign-compare -Wfloat-equal -Wpointer-arith -Wcast-align -Wall -Werror _mkltmpr8tQD3.c -o _mkltmpr8tQD3.c.o  -L/Users/varvar/projects/kafka-playground/rdproducer/node_modules/node-rdkafka/build/deps -lzstd: _mkltmpr8tQD3.c:2:10: fatal error: 'zstd.h' file not found
#include <zstd.h>
         ^~~~~~~~
1 error generated.
DBG 6951: Setting libzstd (libzstd) status to failed (action disable)
DBG 6951: Check libzstd (WITH_ZSTD, action disable (originally disable)) failed: compile check failed:
CC: CC
flags: -lzstd
gcc  -gstrict-dwarf -O2 -fPIC -Wall -Wsign-compare -Wfloat-equal -Wpointer-arith -Wcast-align -Wall -Werror _mkltmpr8tQD3.c -o _mkltmpr8tQD3.c.o  -L/Users/varvar/projects/kafka-playground/rdproducer/node_modules/node-rdkafka/build/deps -lzstd:
_mkltmpr8tQD3.c:2:10: fatal error: 'zstd.h' file not found
#include <zstd.h>
         ^~~~~~~~
1 error generated.
source: 
#include <zstd.h>
#include <zstd_errors.h>

void foo (void) {
     ZSTD_getFrameContentSize(NULL, 0);
}

DBG 6951: libm: Check for static library (libs -lm, arfile variable STATIC_LIB_libm=, static filenames )
DBG 6951: Compile check libm () (sub=0): gcc  -gstrict-dwarf -O2 -fPIC -Wall -Wsign-compare -Wfloat-equal -Wpointer-arith -Wcast-align -Wall -Werror _mkltmpXxz8Wn.c -o _mkltmpXxz8Wn.c.o  -L/Users/varvar/projects/kafka-playground/rdproducer/node_modules/node-rdkafka/build/deps -lm
DBG 6951: Setting libm (libm) status to ok (action disable)
DBG 6951: libm: from lib_check: LIBS: prepend -lm
DBG 6951: liblz4: Check for static library (libs -llz4, arfile variable STATIC_LIB_liblz4=, static filenames liblz4.a)
DBG 6951: Compile check liblz4 (WITH_LZ4_EXT) (sub=0): gcc  -gstrict-dwarf -O2 -fPIC -Wall -Wsign-compare -Wfloat-equal -Wpointer-arith -Wcast-align -Wall -Werror _mkltmpYW8ptj.c -o _mkltmpYW8ptj.c.o  -L/Users/varvar/projects/kafka-playground/rdproducer/node_modules/node-rdkafka/build/deps -llz4
DBG 6951: compile check for liblz4 (WITH_LZ4_EXT) failed: gcc  -gstrict-dwarf -O2 -fPIC -Wall -Wsign-compare -Wfloat-equal -Wpointer-arith -Wcast-align -Wall -Werror _mkltmpYW8ptj.c -o _mkltmpYW8ptj.c.o  -L/Users/varvar/projects/kafka-playground/rdproducer/node_modules/node-rdkafka/build/deps -llz4: _mkltmpYW8ptj.c:1:10: fatal error: 'lz4frame.h' file not found
#include <lz4frame.h>
         ^~~~~~~~~~~~
1 error generated.
DBG 6951: Setting liblz4 (liblz4) status to failed (action disable)
DBG 6951: Check liblz4 (WITH_LZ4_EXT, action disable (originally disable)) failed: compile check failed:
CC: CC
flags: -llz4
gcc  -gstrict-dwarf -O2 -fPIC -Wall -Wsign-compare -Wfloat-equal -Wpointer-arith -Wcast-align -Wall -Werror _mkltmpYW8ptj.c -o _mkltmpYW8ptj.c.o  -L/Users/varvar/projects/kafka-playground/rdproducer/node_modules/node-rdkafka/build/deps -llz4:
_mkltmpYW8ptj.c:1:10: fatal error: 'lz4frame.h' file not found
#include <lz4frame.h>
         ^~~~~~~~~~~~
1 error generated.
source: #include <lz4frame.h>
DBG 6951: Compile check syslog (WITH_SYSLOG) (sub=0): gcc  -gstrict-dwarf -O2 -fPIC -Wall -Wsign-compare -Wfloat-equal -Wpointer-arith -Wcast-align -Wall -Werror _mkltmpxgX7rU.c -o _mkltmpxgX7rU.c.o  -L/Users/varvar/projects/kafka-playground/rdproducer/node_modules/node-rdkafka/build/deps 
DBG 6951: Setting syslog (syslog) status to ok (action disable)
DBG 6951: Compile check rapidjson (WITH_RAPIDJSON) (sub=0): g++  -gstrict-dwarf -O2 -fPIC -Wall -Wsign-compare -Wfloat-equal -Wpointer-arith -Wcast-align -Wall -Werror _mkltmpD0xlWP.cpp -o _mkltmpD0xlWP.cpp.o  -L/Users/varvar/projects/kafka-playground/rdproducer/node_modules/node-rdkafka/build/deps 
DBG 6951: compile check for rapidjson (WITH_RAPIDJSON) failed: g++  -gstrict-dwarf -O2 -fPIC -Wall -Wsign-compare -Wfloat-equal -Wpointer-arith -Wcast-align -Wall -Werror _mkltmpD0xlWP.cpp -o _mkltmpD0xlWP.cpp.o  -L/Users/varvar/projects/kafka-playground/rdproducer/node_modules/node-rdkafka/build/deps : _mkltmpD0xlWP.cpp:1:10: fatal error: 'rapidjson/schema.h' file not found
#include <rapidjson/schema.h>
         ^~~~~~~~~~~~~~~~~~~~
1 error generated.
DBG 6951: Setting rapidjson (rapidjson) status to failed (action disable)
DBG 6951: Check rapidjson (WITH_RAPIDJSON, action disable (originally disable)) failed: compile check failed:
CC: CXX
flags: 
g++  -gstrict-dwarf -O2 -fPIC -Wall -Wsign-compare -Wfloat-equal -Wpointer-arith -Wcast-align -Wall -Werror _mkltmpD0xlWP.cpp -o _mkltmpD0xlWP.cpp.o  -L/Users/varvar/projects/kafka-playground/rdproducer/node_modules/node-rdkafka/build/deps :
_mkltmpD0xlWP.cpp:1:10: fatal error: 'rapidjson/schema.h' file not found
#include <rapidjson/schema.h>
         ^~~~~~~~~~~~~~~~~~~~
1 error generated.
source: #include <rapidjson/schema.h>
DBG 6951: Compile check crc32chw (WITH_CRC32C_HW) (sub=0): gcc  -gstrict-dwarf -O2 -fPIC -Wall -Wsign-compare -Wfloat-equal -Wpointer-arith -Wcast-align -Wall -Werror _mkltmpK2K0Nc.c -o _mkltmpK2K0Nc.c.o  -L/Users/varvar/projects/kafka-playground/rdproducer/node_modules/node-rdkafka/build/deps 
DBG 6951: Setting crc32chw (crc32chw) status to ok (action disable)
DBG 6951: Compile check regex (HAVE_REGEX) (sub=0): gcc  -gstrict-dwarf -O2 -fPIC -Wall -Wsign-compare -Wfloat-equal -Wpointer-arith -Wcast-align -Wall -Werror _mkltmph1z6f0.c -o _mkltmph1z6f0.c.o  -L/Users/varvar/projects/kafka-playground/rdproducer/node_modules/node-rdkafka/build/deps 
DBG 6951: Setting regex (regex) status to ok (action disable)
DBG 6951: Compile check rand_r (HAVE_RAND_R) (sub=0): gcc  -gstrict-dwarf -O2 -fPIC -Wall -Wsign-compare -Wfloat-equal -Wpointer-arith -Wcast-align -Wall -Werror _mkltmp0Ba72J.c -o _mkltmp0Ba72J.c.o  -L/Users/varvar/projects/kafka-playground/rdproducer/node_modules/node-rdkafka/build/deps 
DBG 6951: Setting rand_r (rand_r) status to ok (action disable)
DBG 6951: Compile check strndup (HAVE_STRNDUP) (sub=0): gcc  -gstrict-dwarf -O2 -fPIC -Wall -Wsign-compare -Wfloat-equal -Wpointer-arith -Wcast-align -Wall -Werror _mkltmpzJYpyA.c -o _mkltmpzJYpyA.c.o  -L/Users/varvar/projects/kafka-playground/rdproducer/node_modules/node-rdkafka/build/deps 
DBG 6951: Setting strndup (strndup) status to ok (action disable)
DBG 6951: Compile check strlcpy (HAVE_STRLCPY) (sub=0): gcc  -gstrict-dwarf -O2 -fPIC -Wall -Wsign-compare -Wfloat-equal -Wpointer-arith -Wcast-align -Wall -Werror _mkltmpJ9HCE0.c -o _mkltmpJ9HCE0.c.o  -L/Users/varvar/projects/kafka-playground/rdproducer/node_modules/node-rdkafka/build/deps 
DBG 6951: Setting strlcpy (strlcpy) status to ok (action disable)
DBG 6951: Compile check strerror_r (HAVE_STRERROR_R) (sub=0): gcc  -gstrict-dwarf -O2 -fPIC -Wall -Wsign-compare -Wfloat-equal -Wpointer-arith -Wcast-align -Wall -Werror _mkltmpzUzvRe.c -o _mkltmpzUzvRe.c.o  -L/Users/varvar/projects/kafka-playground/rdproducer/node_modules/node-rdkafka/build/deps 
DBG 6951: Setting strerror_r (strerror_r) status to ok (action disable)
DBG 6951: Compile check pthread_setname_gnu (HAVE_PTHREAD_SETNAME_GNU) (sub=0): gcc  -gstrict-dwarf -O2 -fPIC -Wall -Wsign-compare -Wfloat-equal -Wpointer-arith -Wcast-align -Wall -Werror _mkltmpp5L5VI.c -o _mkltmpp5L5VI.c.o  -L/Users/varvar/projects/kafka-playground/rdproducer/node_modules/node-rdkafka/build/deps -D_GNU_SOURCE -lpthread
DBG 6951: compile check for pthread_setname_gnu (HAVE_PTHREAD_SETNAME_GNU) failed: gcc  -gstrict-dwarf -O2 -fPIC -Wall -Wsign-compare -Wfloat-equal -Wpointer-arith -Wcast-align -Wall -Werror _mkltmpp5L5VI.c -o _mkltmpp5L5VI.c.o  -L/Users/varvar/projects/kafka-playground/rdproducer/node_modules/node-rdkafka/build/deps -D_GNU_SOURCE -lpthread: _mkltmpp5L5VI.c:5:38: error: too many arguments to function call, expected 1, have 2
  pthread_setname_np(pthread_self(), "abc");
  ~~~~~~~~~~~~~~~~~~                 ^~~~~
/Applications/Xcode.app/Contents/Developer/Platforms/MacOSX.platform/Developer/SDKs/MacOSX12.1.sdk/usr/include/pthread.h:510:5: note: 'pthread_setname_np' declared here
int     pthread_setname_np(const char*);
        ^
1 error generated.
DBG 6951: Setting pthread_setname_gnu (pthread_setname_gnu) status to failed (action disable)
DBG 6951: Check pthread_setname_gnu (HAVE_PTHREAD_SETNAME_GNU, action disable (originally disable)) failed: compile check failed:
CC: CC
flags: -D_GNU_SOURCE -lpthread
gcc  -gstrict-dwarf -O2 -fPIC -Wall -Wsign-compare -Wfloat-equal -Wpointer-arith -Wcast-align -Wall -Werror _mkltmpp5L5VI.c -o _mkltmpp5L5VI.c.o  -L/Users/varvar/projects/kafka-playground/rdproducer/node_modules/node-rdkafka/build/deps -D_GNU_SOURCE -lpthread:
_mkltmpp5L5VI.c:5:38: error: too many arguments to function call, expected 1, have 2
  pthread_setname_np(pthread_self(), "abc");
  ~~~~~~~~~~~~~~~~~~                 ^~~~~
/Applications/Xcode.app/Contents/Developer/Platforms/MacOSX.platform/Developer/SDKs/MacOSX12.1.sdk/usr/include/pthread.h:510:5: note: 'pthread_setname_np' declared here
int     pthread_setname_np(const char*);
        ^
1 error generated.
source: 
#include <pthread.h>

void foo (void) {
  pthread_setname_np(pthread_self(), "abc");
}

DBG 6951: Compile check pthread_setname_darwin (HAVE_PTHREAD_SETNAME_DARWIN) (sub=0): gcc  -gstrict-dwarf -O2 -fPIC -Wall -Wsign-compare -Wfloat-equal -Wpointer-arith -Wcast-align -Wall -Werror _mkltmpv9xZrM.c -o _mkltmpv9xZrM.c.o  -L/Users/varvar/projects/kafka-playground/rdproducer/node_modules/node-rdkafka/build/deps -D_DARWIN_C_SOURCE -lpthread
DBG 6951: Setting pthread_setname_darwin (pthread_setname_darwin) status to ok (action disable)
DBG 6951: Setting nm (nm) status to ok (action cont)
DBG 6951: Compile check getrusage (HAVE_GETRUSAGE) (sub=0): gcc  -gstrict-dwarf -O2 -fPIC -Wall -Wsign-compare -Wfloat-equal -Wpointer-arith -Wcast-align -Wall -Werror _mkltmpZhl7Ck.c -o _mkltmpZhl7Ck.c.o  -L/Users/varvar/projects/kafka-playground/rdproducer/node_modules/node-rdkafka/build/deps 
DBG 6951: Setting getrusage (getrusage) status to ok (action disable)
